Using pre-set license

 COMMAND LINE ARGUMENTS:
/Applications/Unity/Hub/Editor/2020.3.10f1c1/Unity.app/Contents/MacOS/Unity
-adb2
-batchMode
-noUpm
-name
AssetImportWorker1
-projectPath
/Users/liuminghao/Documents/GitHub/UnityLearn
-logFile
Logs/AssetImportWorker1.log
-srvPort
62399
Successfully changed project path to: /Users/liuminghao/Documents/GitHub/UnityLearn
/Users/liuminghao/Documents/GitHub/UnityLearn
Using Asset Import Pipeline V2.
Refreshing native plugins compatible for Editor in 58.66 ms, found 3 plugins.
Preloading 0 native plugins for Editor in 0.00 ms.
Initialize engine version: 2020.3.10f1c1 (65978a05d4e9)
[Subsystems] Discovering subsystems at path /Applications/Unity/Hub/Editor/2020.3.10f1c1/Unity.app/Contents/Resources/UnitySubsystems
[Subsystems] Discovering subsystems at path /Users/liuminghao/Documents/GitHub/UnityLearn/Assets
GfxDevice: creating device client; threaded=0
2021-06-08 12:27:52.221 Unity[8073:383162] Color LCD preferred device: AMD Radeon Pro 560 (high power)
2021-06-08 12:27:52.221 Unity[8073:383162] Metal devices available: 2
2021-06-08 12:27:52.222 Unity[8073:383162] 0: AMD Radeon Pro 560 (high power)
2021-06-08 12:27:52.222 Unity[8073:383162] 1: Intel(R) HD Graphics 630 (low power)
2021-06-08 12:27:52.222 Unity[8073:383162] Using device AMD Radeon Pro 560 (high power)
Initializing Metal device caps: AMD Radeon Pro 560
Initialize mono
Mono path[0] = '/Applications/Unity/Hub/Editor/2020.3.10f1c1/Unity.app/Contents/Managed'
Mono path[1] = '/Applications/Unity/Hub/Editor/2020.3.10f1c1/Unity.app/Contents/MonoBleedingEdge/lib/mono/unityjit'
Mono config path = '/Applications/Unity/Hub/Editor/2020.3.10f1c1/Unity.app/Contents/MonoBleedingEdge/etc'
Using monoOptions --debugger-agent=transport=dt_socket,embedding=1,server=y,suspend=n,address=127.0.0.1:56073
Begin MonoManager ReloadAssembly
Registering precompiled unity dll's ...
Register platform support module: /Applications/Unity/Hub/Editor/2020.3.10f1c1/Unity.app/Contents/PlaybackEngines/MacStandaloneSupport/UnityEditor.OSXStandalone.Extensions.dll
Registered in 0.003266 seconds.
Native extension for OSXStandalone target not found
Refreshing native plugins compatible for Editor in 77.05 ms, found 3 plugins.
Preloading 0 native plugins for Editor in 0.00 ms.
Mono: successfully reloaded assembly
- Completed reload, in  4.694 seconds
Platform modules already initialized, skipping
Registering precompiled user dll's ...
Registered in 0.005283 seconds.
Begin MonoManager ReloadAssembly
Native extension for OSXStandalone target not found
Refreshing native plugins compatible for Editor in 71.13 ms, found 3 plugins.
Preloading 0 native plugins for Editor in 0.00 ms.
Mono: successfully reloaded assembly
- Completed reload, in  2.376 seconds
Platform modules already initialized, skipping
========================================================================
Worker process is ready to serve import requests
Launching external process: /Applications/Unity/Hub/Editor/2020.3.10f1c1/Unity.app/Contents/Tools/UnityShaderCompiler
Launched and connected shader compiler UnityShaderCompiler after 0.03 seconds
Refreshing native plugins compatible for Editor in 0.55 ms, found 3 plugins.
Preloading 0 native plugins for Editor in 0.00 ms.
Unloading 2088 Unused Serialized files (Serialized files now loaded: 0)
System memory in use before: 171.9 MB.
System memory in use after: 171.9 MB.

Unloading 33 unused Assets to reduce memory usage. Loaded Objects now: 2521.
Total: 5.721278 ms (FindLiveObjects: 0.272620 ms CreateObjectMapping: 0.106346 ms MarkObjects: 4.989579 ms  DeleteObjects: 0.351173 ms)

========================================================================
Received Import Request.
  path: Assets/Scripts/UpdateAndFixedUpdate.cs
  artifactKey: Guid(9473d5cff258348439d680b3f8392dd8) Importer(815301076,1909f56bfc062723c751e8b465ee728b)
Start importing Assets/Scripts/UpdateAndFixedUpdate.cs using Guid(9473d5cff258348439d680b3f8392dd8) Importer(815301076,1909f56bfc062723c751e8b465ee728b)  -> (artifact id: 'e6d591ff7647b97afa21fc2179ffa366') in 0.487977 seconds
  Import took 0.492927 seconds .

========================================================================
Received Import Request.
  Time since last request: 3.833186 seconds.
  path: Assets/Scripts/UpdateAndFixedUpdate.cs
  artifactKey: Guid(9473d5cff258348439d680b3f8392dd8) Importer(815301076,1909f56bfc062723c751e8b465ee728b)
Start importing Assets/Scripts/UpdateAndFixedUpdate.cs using Guid(9473d5cff258348439d680b3f8392dd8) Importer(815301076,1909f56bfc062723c751e8b465ee728b)  -> (artifact id: '60dedf4d4dcc15a64c2b9e2f5d43c115') in 0.004988 seconds
  Import took 0.009147 seconds .

========================================================================
Received Prepare
Registering precompiled user dll's ...
Registered in 0.002536 seconds.
Begin MonoManager ReloadAssembly
Native extension for OSXStandalone target not found
Refreshing native plugins compatible for Editor in 0.53 ms, found 3 plugins.
Preloading 0 native plugins for Editor in 0.00 ms.
Mono: successfully reloaded assembly
- Completed reload, in  1.651 seconds
Platform modules already initialized, skipping
Refreshing native plugins compatible for Editor in 0.52 ms, found 3 plugins.
Preloading 0 native plugins for Editor in 0.00 ms.
Unloading 2083 Unused Serialized files (Serialized files now loaded: 0)
System memory in use before: 176.3 MB.
System memory in use after: 176.3 MB.

Unloading 21 unused Assets to reduce memory usage. Loaded Objects now: 2525.
Total: 2.794393 ms (FindLiveObjects: 0.262286 ms CreateObjectMapping: 0.107092 ms MarkObjects: 2.299614 ms  DeleteObjects: 0.123911 ms)

========================================================================
Received Prepare
Registering precompiled user dll's ...
Registered in 0.002381 seconds.
Begin MonoManager ReloadAssembly
Native extension for OSXStandalone target not found
Refreshing native plugins compatible for Editor in 0.52 ms, found 3 plugins.
Preloading 0 native plugins for Editor in 0.00 ms.
Mono: successfully reloaded assembly
- Completed reload, in  1.577 seconds
Platform modules already initialized, skipping
Refreshing native plugins compatible for Editor in 0.59 ms, found 3 plugins.
Preloading 0 native plugins for Editor in 0.00 ms.
Unloading 2083 Unused Serialized files (Serialized files now loaded: 0)
System memory in use before: 176.6 MB.
System memory in use after: 176.5 MB.

Unloading 21 unused Assets to reduce memory usage. Loaded Objects now: 2529.
Total: 2.608411 ms (FindLiveObjects: 0.250032 ms CreateObjectMapping: 0.102318 ms MarkObjects: 2.136040 ms  DeleteObjects: 0.118664 ms)

========================================================================
Received Prepare
Registering precompiled user dll's ...
Registered in 0.002535 seconds.
Begin MonoManager ReloadAssembly
Native extension for OSXStandalone target not found
Refreshing native plugins compatible for Editor in 0.54 ms, found 3 plugins.
Preloading 0 native plugins for Editor in 0.00 ms.
Mono: successfully reloaded assembly
- Completed reload, in  1.610 seconds
Platform modules already initialized, skipping
Refreshing native plugins compatible for Editor in 0.60 ms, found 3 plugins.
Preloading 0 native plugins for Editor in 0.00 ms.
Unloading 2083 Unused Serialized files (Serialized files now loaded: 0)
System memory in use before: 176.8 MB.
System memory in use after: 176.8 MB.

Unloading 21 unused Assets to reduce memory usage. Loaded Objects now: 2533.
Total: 2.862741 ms (FindLiveObjects: 0.238990 ms CreateObjectMapping: 0.094809 ms MarkObjects: 2.398703 ms  DeleteObjects: 0.129062 ms)

========================================================================
Received Prepare
Registering precompiled user dll's ...
Registered in 0.002299 seconds.
Begin MonoManager ReloadAssembly
Native extension for OSXStandalone target not found
Refreshing native plugins compatible for Editor in 0.76 ms, found 3 plugins.
Preloading 0 native plugins for Editor in 0.00 ms.
Mono: successfully reloaded assembly
- Completed reload, in  1.590 seconds
Platform modules already initialized, skipping
Refreshing native plugins compatible for Editor in 0.52 ms, found 3 plugins.
Preloading 0 native plugins for Editor in 0.00 ms.
Unloading 2083 Unused Serialized files (Serialized files now loaded: 0)
System memory in use before: 177.0 MB.
System memory in use after: 177.0 MB.

Unloading 21 unused Assets to reduce memory usage. Loaded Objects now: 2537.
Total: 2.623574 ms (FindLiveObjects: 0.237758 ms CreateObjectMapping: 0.098245 ms MarkObjects: 2.164990 ms  DeleteObjects: 0.121322 ms)

========================================================================
Received Prepare
Registering precompiled user dll's ...
Registered in 0.002899 seconds.
Begin MonoManager ReloadAssembly
Native extension for OSXStandalone target not found
Refreshing native plugins compatible for Editor in 0.51 ms, found 3 plugins.
Preloading 0 native plugins for Editor in 0.00 ms.
Mono: successfully reloaded assembly
- Completed reload, in  1.603 seconds
Platform modules already initialized, skipping
Refreshing native plugins compatible for Editor in 0.51 ms, found 3 plugins.
Preloading 0 native plugins for Editor in 0.00 ms.
Unloading 2083 Unused Serialized files (Serialized files now loaded: 0)
System memory in use before: 177.2 MB.
System memory in use after: 177.2 MB.

Unloading 21 unused Assets to reduce memory usage. Loaded Objects now: 2541.
Total: 2.832933 ms (FindLiveObjects: 0.378470 ms CreateObjectMapping: 0.127215 ms MarkObjects: 2.192429 ms  DeleteObjects: 0.133398 ms)

========================================================================
Received Prepare
Registering precompiled user dll's ...
Registered in 0.002699 seconds.
Begin MonoManager ReloadAssembly
Native extension for OSXStandalone target not found
Refreshing native plugins compatible for Editor in 0.54 ms, found 3 plugins.
Preloading 0 native plugins for Editor in 0.00 ms.
Mono: successfully reloaded assembly
- Completed reload, in  1.835 seconds
Platform modules already initialized, skipping
Refreshing native plugins compatible for Editor in 0.55 ms, found 3 plugins.
Preloading 0 native plugins for Editor in 0.00 ms.
Unloading 2083 Unused Serialized files (Serialized files now loaded: 0)
System memory in use before: 177.4 MB.
System memory in use after: 177.4 MB.

Unloading 21 unused Assets to reduce memory usage. Loaded Objects now: 2545.
Total: 3.305311 ms (FindLiveObjects: 0.281199 ms CreateObjectMapping: 0.143570 ms MarkObjects: 2.739181 ms  DeleteObjects: 0.140109 ms)

========================================================================
Received Import Request.
  Time since last request: 2746.673815 seconds.
  path: Assets/Scripts/Polymor
  artifactKey: Guid(d3cb3fc0accdd4742a8ae09b07ef7d61) Importer(815301076,1909f56bfc062723c751e8b465ee728b)
Start importing Assets/Scripts/Polymor using Guid(d3cb3fc0accdd4742a8ae09b07ef7d61) Importer(815301076,1909f56bfc062723c751e8b465ee728b)  -> (artifact id: 'cdd501e1e03db676987e047ef5c9da0e') in 0.005822 seconds
  Import took 0.010670 seconds .

========================================================================
Received Import Request.
  Time since last request: 3.197979 seconds.
  path: Assets/Scripts/Polymorphism
  artifactKey: Guid(d3cb3fc0accdd4742a8ae09b07ef7d61) Importer(815301076,1909f56bfc062723c751e8b465ee728b)
Start importing Assets/Scripts/Polymorphism using Guid(d3cb3fc0accdd4742a8ae09b07ef7d61) Importer(815301076,1909f56bfc062723c751e8b465ee728b)  -> (artifact id: '2d62775614db27243a269ccc4bb49ae4') in 0.002537 seconds
  Import took 0.008287 seconds .

========================================================================
Received Prepare
Registering precompiled user dll's ...
Registered in 0.002649 seconds.
Begin MonoManager ReloadAssembly
Native extension for OSXStandalone target not found
Refreshing native plugins compatible for Editor in 0.52 ms, found 3 plugins.
Preloading 0 native plugins for Editor in 0.00 ms.
Mono: successfully reloaded assembly
- Completed reload, in  1.653 seconds
Platform modules already initialized, skipping
Refreshing native plugins compatible for Editor in 0.52 ms, found 3 plugins.
Preloading 0 native plugins for Editor in 0.00 ms.
Unloading 2084 Unused Serialized files (Serialized files now loaded: 0)
System memory in use before: 177.8 MB.
System memory in use after: 177.8 MB.

Unloading 21 unused Assets to reduce memory usage. Loaded Objects now: 2550.
Total: 2.645162 ms (FindLiveObjects: 0.244623 ms CreateObjectMapping: 0.096147 ms MarkObjects: 2.177379 ms  DeleteObjects: 0.125852 ms)

========================================================================
Received Import Request.
  Time since last request: 17.772454 seconds.
  path: Assets/Scripts/Polymorphism/NewBehaviourScript.cs
  artifactKey: Guid(2da13119371f841ed9c044e523bf2e24) Importer(815301076,1909f56bfc062723c751e8b465ee728b)
Start importing Assets/Scripts/Polymorphism/NewBehaviourScript.cs using Guid(2da13119371f841ed9c044e523bf2e24) Importer(815301076,1909f56bfc062723c751e8b465ee728b)  -> (artifact id: '762dd09ca5b0dbcbf70135b990d6a0f9') in 0.011252 seconds
  Import took 0.014909 seconds .

